{"C:\\Users\\barre\\Desktop\\Mati\\Proyectos\\pruebas\\users-task\\front\\src\\api\\axiosConfig.ts": {"path":"C:\\Users\\barre\\Desktop\\Mati\\Proyectos\\pruebas\\users-task\\front\\src\\api\\axiosConfig.ts","statementMap":{"0":{"start":{"line":1,"column":0},"end":{"line":1,"column":26}},"1":{"start":{"line":3,"column":12},"end":{"line":8,"column":2}},"2":{"start":{"line":11,"column":0},"end":{"line":17,"column":3}},"3":{"start":{"line":12,"column":16},"end":{"line":12,"column":51}},"4":{"start":{"line":13,"column":2},"end":{"line":15,"column":3}},"5":{"start":{"line":14,"column":4},"end":{"line":14,"column":53}},"6":{"start":{"line":16,"column":2},"end":{"line":16,"column":16}},"7":{"start":{"line":19,"column":0},"end":{"line":19,"column":19}}},"fnMap":{"0":{"name":"(anonymous_1)","decl":{"start":{"line":11,"column":29},"end":{"line":11,"column":30}},"loc":{"start":{"line":11,"column":40},"end":{"line":17,"column":1}}}},"branchMap":{"0":{"loc":{"start":{"line":13,"column":2},"end":{"line":15,"column":3}},"type":"if","locations":[{"start":{"line":13,"column":2},"end":{"line":15,"column":3}},{"start":{},"end":{}}]},"1":{"loc":{"start":{"line":13,"column":6},"end":{"line":13,"column":29}},"type":"binary-expr","locations":[{"start":{"line":13,"column":6},"end":{"line":13,"column":11}},{"start":{"line":13,"column":15},"end":{"line":13,"column":29}}]}},"s":{"0":1,"1":1,"2":1,"3":0,"4":0,"5":0,"6":0,"7":1},"f":{"0":0},"b":{"0":[0,0],"1":[0,0]}}
,"C:\\Users\\barre\\Desktop\\Mati\\Proyectos\\pruebas\\users-task\\front\\src\\pages\\Register\\index.tsx": {"path":"C:\\Users\\barre\\Desktop\\Mati\\Proyectos\\pruebas\\users-task\\front\\src\\pages\\Register\\index.tsx","statementMap":{"0":{"start":{"line":2,"column":0},"end":{"line":2,"column":40}},"1":{"start":{"line":3,"column":0},"end":{"line":3,"column":47}},"2":{"start":{"line":4,"column":0},"end":{"line":4,"column":40}},"3":{"start":{"line":5,"column":0},"end":{"line":5,"column":39}},"4":{"start":{"line":7,"column":27},"end":{"line":103,"column":1}},"5":{"start":{"line":8,"column":19},"end":{"line":8,"column":32}},"6":{"start":{"line":9,"column":26},"end":{"line":15,"column":4}},"7":{"start":{"line":16,"column":32},"end":{"line":16,"column":47}},"8":{"start":{"line":18,"column":23},"end":{"line":20,"column":3}},"9":{"start":{"line":19,"column":4},"end":{"line":19,"column":58}},"10":{"start":{"line":22,"column":23},"end":{"line":49,"column":3}},"11":{"start":{"line":23,"column":4},"end":{"line":23,"column":23}},"12":{"start":{"line":25,"column":4},"end":{"line":34,"column":5}},"13":{"start":{"line":32,"column":6},"end":{"line":32,"column":50}},"14":{"start":{"line":33,"column":6},"end":{"line":33,"column":13}},"15":{"start":{"line":36,"column":4},"end":{"line":48,"column":5}},"16":{"start":{"line":37,"column":6},"end":{"line":37,"column":23}},"17":{"start":{"line":39,"column":23},"end":{"line":39,"column":61}},"18":{"start":{"line":41,"column":6},"end":{"line":41,"column":75}},"19":{"start":{"line":42,"column":6},"end":{"line":42,"column":25}},"20":{"start":{"line":44,"column":6},"end":{"line":44,"column":56}},"21":{"start":{"line":45,"column":6},"end":{"line":45,"column":55}},"22":{"start":{"line":47,"column":6},"end":{"line":47,"column":24}},"23":{"start":{"line":51,"column":2},"end":{"line":102,"column":4}},"24":{"start":{"line":105,"column":0},"end":{"line":105,"column":24}}},"fnMap":{"0":{"name":"(anonymous_1)","decl":{"start":{"line":7,"column":27},"end":{"line":7,"column":30}},"loc":{"start":{"line":7,"column":32},"end":{"line":103,"column":1}}},"1":{"name":"(anonymous_2)","decl":{"start":{"line":18,"column":23},"end":{"line":18,"column":24}},"loc":{"start":{"line":18,"column":66},"end":{"line":20,"column":3}}},"2":{"name":"(anonymous_3)","decl":{"start":{"line":22,"column":23},"end":{"line":22,"column":28}},"loc":{"start":{"line":22,"column":52},"end":{"line":49,"column":3}}}},"branchMap":{"0":{"loc":{"start":{"line":25,"column":4},"end":{"line":34,"column":5}},"type":"if","locations":[{"start":{"line":25,"column":4},"end":{"line":34,"column":5}},{"start":{},"end":{}}]},"1":{"loc":{"start":{"line":26,"column":6},"end":{"line":30,"column":20}},"type":"binary-expr","locations":[{"start":{"line":26,"column":6},"end":{"line":26,"column":21}},{"start":{"line":27,"column":6},"end":{"line":27,"column":20}},{"start":{"line":28,"column":6},"end":{"line":28,"column":20}},{"start":{"line":29,"column":6},"end":{"line":29,"column":17}},{"start":{"line":30,"column":6},"end":{"line":30,"column":20}}]},"2":{"loc":{"start":{"line":98,"column":11},"end":{"line":98,"column":53}},"type":"cond-expr","locations":[{"start":{"line":98,"column":21},"end":{"line":98,"column":37}},{"start":{"line":98,"column":40},"end":{"line":98,"column":53}}]}},"s":{"0":1,"1":1,"2":1,"3":1,"4":1,"5":17,"6":17,"7":17,"8":17,"9":10,"10":17,"11":3,"12":3,"13":1,"14":1,"15":2,"16":2,"17":2,"18":1,"19":1,"20":1,"21":1,"22":2,"23":17,"24":1},"f":{"0":17,"1":10,"2":3},"b":{"0":[1,2],"1":[3,2,2,2,2],"2":[2,15]}}
,"C:\\Users\\barre\\Desktop\\Mati\\Proyectos\\pruebas\\users-task\\front\\src\\pages\\Users\\index.tsx": {"path":"C:\\Users\\barre\\Desktop\\Mati\\Proyectos\\pruebas\\users-task\\front\\src\\pages\\Users\\index.tsx","statementMap":{"0":{"start":{"line":3,"column":0},"end":{"line":3,"column":51}},"1":{"start":{"line":4,"column":0},"end":{"line":4,"column":52}},"2":{"start":{"line":5,"column":0},"end":{"line":5,"column":76}},"3":{"start":{"line":6,"column":0},"end":{"line":6,"column":39}},"4":{"start":{"line":8,"column":24},"end":{"line":164,"column":1}},"5":{"start":{"line":9,"column":32},"end":{"line":9,"column":41}},"6":{"start":{"line":10,"column":28},"end":{"line":10,"column":47}},"7":{"start":{"line":11,"column":32},"end":{"line":11,"column":46}},"8":{"start":{"line":12,"column":28},"end":{"line":12,"column":40}},"9":{"start":{"line":13,"column":44},"end":{"line":13,"column":73}},"10":{"start":{"line":14,"column":26},"end":{"line":14,"column":68}},"11":{"start":{"line":17,"column":21},"end":{"line":26,"column":3}},"12":{"start":{"line":18,"column":4},"end":{"line":25,"column":5}},"13":{"start":{"line":19,"column":19},"end":{"line":19,"column":38}},"14":{"start":{"line":20,"column":6},"end":{"line":20,"column":21}},"15":{"start":{"line":22,"column":6},"end":{"line":22,"column":44}},"16":{"start":{"line":24,"column":6},"end":{"line":24,"column":24}},"17":{"start":{"line":28,"column":2},"end":{"line":30,"column":9}},"18":{"start":{"line":29,"column":4},"end":{"line":29,"column":17}},"19":{"start":{"line":33,"column":23},"end":{"line":42,"column":3}},"20":{"start":{"line":34,"column":4},"end":{"line":41,"column":5}},"21":{"start":{"line":35,"column":6},"end":{"line":35,"column":27}},"22":{"start":{"line":36,"column":6},"end":{"line":36,"column":58}},"23":{"start":{"line":36,"column":25},"end":{"line":36,"column":56}},"24":{"start":{"line":36,"column":44},"end":{"line":36,"column":55}},"25":{"start":{"line":37,"column":6},"end":{"line":37,"column":42}},"26":{"start":{"line":39,"column":6},"end":{"line":39,"column":49}},"27":{"start":{"line":40,"column":7},"end":{"line":40,"column":55}},"28":{"start":{"line":45,"column":21},"end":{"line":51,"column":3}},"29":{"start":{"line":46,"column":4},"end":{"line":46,"column":27}},"30":{"start":{"line":47,"column":4},"end":{"line":50,"column":7}},"31":{"start":{"line":54,"column":21},"end":{"line":64,"column":3}},"32":{"start":{"line":55,"column":4},"end":{"line":63,"column":5}},"33":{"start":{"line":56,"column":6},"end":{"line":56,"column":47}},"34":{"start":{"line":57,"column":6},"end":{"line":57,"column":29}},"35":{"start":{"line":58,"column":6},"end":{"line":58,"column":19}},"36":{"start":{"line":59,"column":6},"end":{"line":59,"column":60}},"37":{"start":{"line":61,"column":6},"end":{"line":61,"column":46}},"38":{"start":{"line":62,"column":6},"end":{"line":62,"column":51}},"39":{"start":{"line":66,"column":2},"end":{"line":66,"column":63}},"40":{"start":{"line":66,"column":30},"end":{"line":66,"column":63}},"41":{"start":{"line":67,"column":2},"end":{"line":67,"column":41}},"42":{"start":{"line":67,"column":15},"end":{"line":67,"column":41}},"43":{"start":{"line":68,"column":2},"end":{"line":68,"column":35}},"44":{"start":{"line":68,"column":13},"end":{"line":68,"column":35}},"45":{"start":{"line":70,"column":2},"end":{"line":163,"column":4}},"46":{"start":{"line":86,"column":12},"end":{"line":86,"column":null}},"47":{"start":{"line":96,"column":22},"end":{"line":96,"column":68}},"48":{"start":{"line":112,"column":22},"end":{"line":112,"column":79}},"49":{"start":{"line":130,"column":37},"end":{"line":130,"column":53}},"50":{"start":{"line":136,"column":37},"end":{"line":136,"column":59}},"51":{"start":{"line":145,"column":37},"end":{"line":145,"column":50}},"52":{"start":{"line":151,"column":37},"end":{"line":151,"column":55}},"53":{"start":{"line":166,"column":0},"end":{"line":166,"column":21}}},"fnMap":{"0":{"name":"(anonymous_0)","decl":{"start":{"line":8,"column":24},"end":{"line":8,"column":27}},"loc":{"start":{"line":8,"column":29},"end":{"line":164,"column":1}}},"1":{"name":"(anonymous_1)","decl":{"start":{"line":17,"column":21},"end":{"line":17,"column":26}},"loc":{"start":{"line":17,"column":32},"end":{"line":26,"column":3}}},"2":{"name":"(anonymous_2)","decl":{"start":{"line":28,"column":12},"end":{"line":28,"column":15}},"loc":{"start":{"line":28,"column":17},"end":{"line":30,"column":3}}},"3":{"name":"(anonymous_3)","decl":{"start":{"line":33,"column":23},"end":{"line":33,"column":28}},"loc":{"start":{"line":33,"column":44},"end":{"line":42,"column":3}}},"4":{"name":"(anonymous_4)","decl":{"start":{"line":36,"column":15},"end":{"line":36,"column":16}},"loc":{"start":{"line":36,"column":25},"end":{"line":36,"column":56}}},"5":{"name":"(anonymous_5)","decl":{"start":{"line":36,"column":37},"end":{"line":36,"column":38}},"loc":{"start":{"line":36,"column":44},"end":{"line":36,"column":55}}},"6":{"name":"(anonymous_6)","decl":{"start":{"line":45,"column":21},"end":{"line":45,"column":22}},"loc":{"start":{"line":45,"column":32},"end":{"line":51,"column":3}}},"7":{"name":"(anonymous_7)","decl":{"start":{"line":54,"column":21},"end":{"line":54,"column":26}},"loc":{"start":{"line":54,"column":42},"end":{"line":64,"column":3}}},"8":{"name":"(anonymous_8)","decl":{"start":{"line":85,"column":21},"end":{"line":85,"column":22}},"loc":{"start":{"line":86,"column":12},"end":{"line":86,"column":null}}},"9":{"name":"(anonymous_9)","decl":{"start":{"line":95,"column":30},"end":{"line":95,"column":31}},"loc":{"start":{"line":96,"column":22},"end":{"line":96,"column":68}}},"10":{"name":"(anonymous_10)","decl":{"start":{"line":111,"column":30},"end":{"line":111,"column":31}},"loc":{"start":{"line":112,"column":22},"end":{"line":112,"column":79}}},"11":{"name":"(anonymous_11)","decl":{"start":{"line":130,"column":31},"end":{"line":130,"column":34}},"loc":{"start":{"line":130,"column":37},"end":{"line":130,"column":53}}},"12":{"name":"(anonymous_12)","decl":{"start":{"line":136,"column":31},"end":{"line":136,"column":34}},"loc":{"start":{"line":136,"column":37},"end":{"line":136,"column":59}}},"13":{"name":"(anonymous_13)","decl":{"start":{"line":145,"column":31},"end":{"line":145,"column":34}},"loc":{"start":{"line":145,"column":37},"end":{"line":145,"column":50}}},"14":{"name":"(anonymous_14)","decl":{"start":{"line":151,"column":31},"end":{"line":151,"column":34}},"loc":{"start":{"line":151,"column":37},"end":{"line":151,"column":55}}}},"branchMap":{"0":{"loc":{"start":{"line":66,"column":2},"end":{"line":66,"column":63}},"type":"if","locations":[{"start":{"line":66,"column":2},"end":{"line":66,"column":63}},{"start":{},"end":{}}]},"1":{"loc":{"start":{"line":67,"column":2},"end":{"line":67,"column":41}},"type":"if","locations":[{"start":{"line":67,"column":2},"end":{"line":67,"column":41}},{"start":{},"end":{}}]},"2":{"loc":{"start":{"line":68,"column":2},"end":{"line":68,"column":35}},"type":"if","locations":[{"start":{"line":68,"column":2},"end":{"line":68,"column":35}},{"start":{},"end":{}}]},"3":{"loc":{"start":{"line":92,"column":17},"end":{"line":103,"column":null}},"type":"cond-expr","locations":[{"start":{"line":93,"column":18},"end":{"line":100,"column":null}},{"start":{"line":103,"column":18},"end":{"line":103,"column":28}}]},"4":{"loc":{"start":{"line":108,"column":17},"end":{"line":121,"column":null}},"type":"cond-expr","locations":[{"start":{"line":109,"column":18},"end":{"line":116,"column":null}},{"start":{"line":118,"column":20},"end":{"line":121,"column":null}}]},"5":{"loc":{"start":{"line":110,"column":27},"end":{"line":110,"column":59}},"type":"cond-expr","locations":[{"start":{"line":110,"column":43},"end":{"line":110,"column":49}},{"start":{"line":110,"column":52},"end":{"line":110,"column":59}}]},"6":{"loc":{"start":{"line":118,"column":20},"end":{"line":121,"column":null}},"type":"cond-expr","locations":[{"start":{"line":119,"column":18},"end":{"line":119,"column":22}},{"start":{"line":121,"column":18},"end":{"line":121,"column":22}}]},"7":{"loc":{"start":{"line":126,"column":17},"end":{"line":155,"column":null}},"type":"cond-expr","locations":[{"start":{"line":127,"column":18},"end":{"line":139,"column":null}},{"start":{"line":142,"column":18},"end":{"line":154,"column":null}}]}},"s":{"0":1,"1":1,"2":1,"3":1,"4":1,"5":8,"6":8,"7":8,"8":8,"9":8,"10":8,"11":8,"12":5,"13":5,"14":5,"15":0,"16":5,"17":8,"18":4,"19":8,"20":1,"21":1,"22":1,"23":0,"24":0,"25":1,"26":0,"27":0,"28":8,"29":1,"30":1,"31":8,"32":1,"33":1,"34":1,"35":1,"36":1,"37":0,"38":0,"39":8,"40":1,"41":7,"42":3,"43":4,"44":0,"45":4,"46":8,"47":0,"48":0,"49":1,"50":0,"51":1,"52":1,"53":1},"f":{"0":8,"1":5,"2":4,"3":1,"4":0,"5":0,"6":1,"7":1,"8":8,"9":0,"10":0,"11":1,"12":0,"13":1,"14":1},"b":{"0":[1,7],"1":[3,4],"2":[0,4],"3":[1,7],"4":[1,7],"5":[1,0],"6":[3,4],"7":[1,7]}}
}
