TN:
SF:src\api\axiosConfig.ts
FN:11,(anonymous_1)
FNF:1
FNH:0
FNDA:0,(anonymous_1)
DA:1,1
DA:3,1
DA:11,1
DA:12,0
DA:13,0
DA:14,0
DA:16,0
DA:19,1
LF:8
LH:4
BRDA:13,0,0,0
BRDA:13,0,1,0
BRDA:13,1,0,0
BRDA:13,1,1,0
BRF:4
BRH:0
end_of_record
TN:
SF:src\pages\Register\index.tsx
FN:7,(anonymous_1)
FN:18,(anonymous_2)
FN:22,(anonymous_3)
FNF:3
FNH:3
FNDA:17,(anonymous_1)
FNDA:10,(anonymous_2)
FNDA:3,(anonymous_3)
DA:2,1
DA:3,1
DA:4,1
DA:5,1
DA:7,1
DA:8,17
DA:9,17
DA:16,17
DA:18,17
DA:19,10
DA:22,17
DA:23,3
DA:25,3
DA:32,1
DA:33,1
DA:36,2
DA:37,2
DA:39,2
DA:41,1
DA:42,1
DA:44,1
DA:45,1
DA:47,2
DA:51,17
DA:105,1
LF:25
LH:25
BRDA:25,0,0,1
BRDA:25,0,1,2
BRDA:26,1,0,3
BRDA:26,1,1,2
BRDA:26,1,2,2
BRDA:26,1,3,2
BRDA:26,1,4,2
BRDA:98,2,0,2
BRDA:98,2,1,15
BRF:9
BRH:9
end_of_record
TN:
SF:src\pages\Users\index.tsx
FN:8,(anonymous_0)
FN:17,(anonymous_1)
FN:28,(anonymous_2)
FN:33,(anonymous_3)
FN:36,(anonymous_4)
FN:36,(anonymous_5)
FN:45,(anonymous_6)
FN:54,(anonymous_7)
FN:85,(anonymous_8)
FN:95,(anonymous_9)
FN:111,(anonymous_10)
FN:130,(anonymous_11)
FN:136,(anonymous_12)
FN:145,(anonymous_13)
FN:151,(anonymous_14)
FNF:15
FNH:10
FNDA:8,(anonymous_0)
FNDA:5,(anonymous_1)
FNDA:4,(anonymous_2)
FNDA:1,(anonymous_3)
FNDA:0,(anonymous_4)
FNDA:0,(anonymous_5)
FNDA:1,(anonymous_6)
FNDA:1,(anonymous_7)
FNDA:8,(anonymous_8)
FNDA:0,(anonymous_9)
FNDA:0,(anonymous_10)
FNDA:1,(anonymous_11)
FNDA:0,(anonymous_12)
FNDA:1,(anonymous_13)
FNDA:1,(anonymous_14)
DA:3,1
DA:4,1
DA:5,1
DA:6,1
DA:8,1
DA:9,8
DA:10,8
DA:11,8
DA:12,8
DA:13,8
DA:14,8
DA:17,8
DA:18,5
DA:19,5
DA:20,5
DA:22,0
DA:24,5
DA:28,8
DA:29,4
DA:33,8
DA:34,1
DA:35,1
DA:36,1
DA:37,1
DA:39,0
DA:40,0
DA:45,8
DA:46,1
DA:47,1
DA:54,8
DA:55,1
DA:56,1
DA:57,1
DA:58,1
DA:59,1
DA:61,0
DA:62,0
DA:66,8
DA:67,7
DA:68,4
DA:70,4
DA:86,8
DA:96,0
DA:112,0
DA:130,1
DA:136,0
DA:145,1
DA:151,1
DA:166,1
LF:49
LH:41
BRDA:66,0,0,1
BRDA:66,0,1,7
BRDA:67,1,0,3
BRDA:67,1,1,4
BRDA:68,2,0,0
BRDA:68,2,1,4
BRDA:92,3,0,1
BRDA:92,3,1,7
BRDA:108,4,0,1
BRDA:108,4,1,7
BRDA:110,5,0,1
BRDA:110,5,1,0
BRDA:118,6,0,3
BRDA:118,6,1,4
BRDA:126,7,0,1
BRDA:126,7,1,7
BRF:16
BRH:14
end_of_record
